<?xml version="1.0" encoding="UTF-8"?>
<!-- Generated by org.testng.reporters.JUnitReportReporter -->
<testsuite hostname="DESKTOP-4H86CTH" failures="0" tests="1" name="com.runner.RunnerAllFeatures" time="0.137" errors="0" timestamp="17 Oct 2024 01:21:12 GMT" skipped="0">
  <testcase classname="com.runner.RunnerAllFeatures" name="runScenario" time="0.137"/>
</testsuite> <!-- com.runner.RunnerAllFeatures -->
