<?xml version="1.0" encoding="UTF-8"?>
<!-- Generated by org.testng.reporters.JUnitReportReporter -->
<testsuite hostname="DESKTOP-4H86CTH" failures="0" tests="1" name="com.API.testing.HttpPatchMethodServerTesting" time="0.892" errors="0" timestamp="02 Nov 2024 16:55:43 GMT" skipped="0">
  <testcase classname="com.API.testing.HttpPatchMethodServerTesting" name="getPatch" time="0.892"/>
</testsuite> <!-- com.API.testing.HttpPatchMethodServerTesting -->
