<?xml version="1.0" encoding="UTF-8"?>
<!-- Generated by org.testng.reporters.JUnitReportReporter -->
<testsuite hostname="DESKTOP-4H86CTH" failures="0" tests="3" name="com.API.testing.HttpDeleteMethodServerTesting" time="0.010" errors="0" timestamp="02 Nov 2024 16:09:12 GMT" skipped="0">
  <testcase classname="com.API.testing.HttpDeleteMethodServerTesting" name="getContentType" time="0.005"/>
  <testcase classname="com.API.testing.HttpDeleteMethodServerTesting" name="getResponseTime" time="0.003"/>
  <testcase classname="com.API.testing.HttpDeleteMethodServerTesting" name="getStatusCode" time="0.002"/>
</testsuite> <!-- com.API.testing.HttpDeleteMethodServerTesting -->
