<?xml version="1.0" encoding="UTF-8"?>
<!-- Generated by org.testng.reporters.JUnitReportReporter -->
<testsuite hostname="DESKTOP-4H86CTH" failures="0" tests="1" name="com.API.testing.HttpPostMethodServerTesting" time="1.020" errors="0" timestamp="02 Nov 2024 16:50:08 GMT" skipped="0">
  <testcase classname="com.API.testing.HttpPostMethodServerTesting" name="getPost" time="1.020"/>
</testsuite> <!-- com.API.testing.HttpPostMethodServerTesting -->
