<?xml version="1.0" encoding="UTF-8"?>
<!-- Generated by org.testng.reporters.JUnitReportReporter -->
<testsuite hostname="DESKTOP-4H86CTH" failures="0" tests="4" name="com.API.testing.HttpGetMethodServerTesting" time="0.010" errors="0" timestamp="02 Nov 2024 16:04:45 GMT" skipped="0">
  <testcase classname="com.API.testing.HttpGetMethodServerTesting" name="getContentType" time="0.005"/>
  <testcase classname="com.API.testing.HttpGetMethodServerTesting" name="getResponseNullOrNot" time="0.003"/>
  <testcase classname="com.API.testing.HttpGetMethodServerTesting" name="getStatusCode" time="0.001"/>
  <testcase classname="com.API.testing.HttpGetMethodServerTesting" name="getResponseTime" time="0.001"/>
</testsuite> <!-- com.API.testing.HttpGetMethodServerTesting -->
