<?xml version="1.0" encoding="UTF-8"?>
<!-- Generated by org.testng.reporters.JUnitReportReporter -->
<testsuite hostname="DESKTOP-4H86CTH" failures="0" tests="2" name="com.runner.PBLoginRunner" time="0.168" errors="0" timestamp="17 Oct 2024 01:26:46 GMT" skipped="0">
  <testcase classname="com.runner.PBLoginRunner" name="runScenario" time="0.021"/>
  <testcase classname="com.runner.PBLoginRunner" name="runScenario" time="0.147"/>
</testsuite> <!-- com.runner.PBLoginRunner -->
